<?xml version="1.0" encoding="UTF-8"?>
<!-- Generated by org.testng.reporters.JUnitXMLReporter -->
<testsuite hostname="DESKTOP-O5NK748" ignored="0" name="Test" tests="1" failures="1" timestamp="2019-10-24T22:17:25 IST" time="0.102" errors="0">
  <testcase name="Test1" time="0.055" classname="scripts.TimeStamp_01">
    <failure type="java.lang.NullPointerException">
      <![CDATA[java.lang.NullPointerException
at scripts.TimeStamp_01.Test1(TimeStamp_01.java:21)
at java.util.ArrayList.forEach(ArrayList.java:1257)
... Removed 27 stack frames]]>
    </failure>
  </testcase> <!-- Test1 -->
</testsuite> <!-- Test -->
