<?xml version="1.0" encoding="UTF-8"?>
<testng-results skipped="0" failed="0" ignored="0" total="1" passed="1">
  <reporter-output>
  </reporter-output>
  <suite name="Default suite" duration-ms="1203" started-at="2019-10-25T01:10:09 IST" finished-at="2019-10-25T01:10:10 IST">
    <groups>
    </groups>
    <test name="Default test" duration-ms="1203" started-at="2019-10-25T01:10:09 IST" finished-at="2019-10-25T01:10:10 IST">
      <class name="scripts.TimeStamp_01">
        <test-method status="PASS" signature="writeTest()[pri:0, instance:scripts.TimeStamp_01@c730b35]" name="writeTest" duration-ms="1141" started-at="2019-10-25T01:10:09 IST" finished-at="2019-10-25T01:10:10 IST">
          <reporter-output>
          </reporter-output>
        </test-method> <!-- writeTest -->
      </class> <!-- scripts.TimeStamp_01 -->
    </test> <!-- Default test -->
  </suite> <!-- Default suite -->
</testng-results>
